{"numFailedTestSuites":0,"numFailedTests":0,"numPassedTestSuites":1,"numPassedTests":1,"numPendingTestSuites":0,"numPendingTests":0,"numRuntimeErrorTestSuites":0,"numTodoTests":0,"numTotalTestSuites":1,"numTotalTests":1,"openHandles":[],"snapshot":{"added":1,"didUpdate":false,"failure":false,"filesAdded":1,"filesRemoved":0,"filesRemovedList":[],"filesUnmatched":0,"filesUpdated":0,"matched":0,"total":1,"unchecked":0,"uncheckedKeysByFile":[],"unmatched":0,"updated":0},"startTime":1678487814158,"success":true,"testResults":[{"assertionResults":[{"ancestorTitles":["<Header />"],"duration":175,"failureDetails":[],"failureMessages":[],"fullName":"<Header /> Should render default without crash","invocations":1,"location":null,"numPassingAsserts":1,"retryReasons":[],"status":"passed","title":"Should render default without crash"}],"endTime":1678487817430,"message":"","name":"C:\\Users\\lbarrientos\\Documents\\repos\\challenge-meli\\src\\components\\Header\\Header.test.tsx","startTime":1678487814745,"status":"passed","summary":""}],"wasInterrupted":false}
